2026-02-17 06:03:59,705 - DEBUG - Using selector: EpollSelector
INFO:     Started server process [67705]
INFO:     Waiting for application startup.
2026-02-17 06:03:59,744 - INFO - Starting up: Initializing database
2026-02-17 06:03:59,745 - DEBUG - executing <function connect.<locals>.connector at 0x7f25c8ee7c40>
2026-02-17 06:03:59,746 - DEBUG - operation <function connect.<locals>.connector at 0x7f25c8ee7c40> completed
2026-02-17 06:03:59,746 - DEBUG - executing functools.partial(<built-in method execute of sqlite3.Connection object at 0x7f25c8ecd210>, '\n                CREATE TABLE IF NOT EXISTS accounts (\n                    id TEXT PRIMARY KEY,\n                    data TEXT\n                )\n            ', [])
2026-02-17 06:03:59,747 - DEBUG - operation functools.partial(<built-in method execute of sqlite3.Connection object at 0x7f25c8ecd210>, '\n                CREATE TABLE IF NOT EXISTS accounts (\n                    id TEXT PRIMARY KEY,\n                    data TEXT\n                )\n            ', []) completed
2026-02-17 06:03:59,747 - DEBUG - executing functools.partial(<built-in method execute of sqlite3.Connection object at 0x7f25c8ecd210>, '\n                CREATE TABLE IF NOT EXISTS positions (\n                    id TEXT PRIMARY KEY,\n                    data TEXT\n                )\n            ', [])
2026-02-17 06:03:59,747 - DEBUG - operation functools.partial(<built-in method execute of sqlite3.Connection object at 0x7f25c8ecd210>, '\n                CREATE TABLE IF NOT EXISTS positions (\n                    id TEXT PRIMARY KEY,\n                    data TEXT\n                )\n            ', []) completed
2026-02-17 06:03:59,747 - DEBUG - executing functools.partial(<built-in method commit of sqlite3.Connection object at 0x7f25c8ecd210>)
2026-02-17 06:03:59,748 - DEBUG - operation functools.partial(<built-in method commit of sqlite3.Connection object at 0x7f25c8ecd210>) completed
2026-02-17 06:03:59,748 - DEBUG - executing functools.partial(<built-in method close of sqlite3.Connection object at 0x7f25c8ecd210>)
2026-02-17 06:03:59,748 - DEBUG - operation functools.partial(<built-in method close of sqlite3.Connection object at 0x7f25c8ecd210>) completed
2026-02-17 06:03:59,748 - DEBUG - executing <function Connection.stop.<locals>.close_and_stop at 0x7f25c8ee7f60>
2026-02-17 06:03:59,749 - DEBUG - operation <function Connection.stop.<locals>.close_and_stop at 0x7f25c8ee7f60> completed
2026-02-17 06:03:59,898 - INFO - Quote session generated: qs_ccuybkzolktf, Chart session generated: cs_ccjhfggwlhqb
2026-02-17 06:03:59,898 - DEBUG - Sending message: ~m~54~m~{"m":"set_auth_token","p":["unauthorized_user_token"]}
2026-02-17 06:03:59,898 - DEBUG - Sending message: ~m~34~m~{"m":"set_locale","p":["en","US"]}
2026-02-17 06:03:59,898 - DEBUG - Sending message: ~m~55~m~{"m":"chart_create_session","p":["cs_ccjhfggwlhqb",""]}
2026-02-17 06:03:59,899 - DEBUG - Sending message: ~m~52~m~{"m":"quote_create_session","p":["qs_ccuybkzolktf"]}
2026-02-17 06:03:59,899 - DEBUG - Sending message: ~m~307~m~{"m":"quote_set_fields","p":["qs_ccuybkzolktf","ch","chp","current_session","description","local_description","language","exchange","fractional","is_tradable","lp","lp_time","minmov","minmove2","original_name","pricescale","pro_name","short_name","type","update_mode","volume","currency_code","rchp","rtc"]}
2026-02-17 06:03:59,899 - DEBUG - Sending message: ~m~51~m~{"m":"quote_hibernate_all","p":["qs_ccuybkzolktf"]}
INFO:     Application startup complete.
INFO:     Uvicorn running on http://0.0.0.0:8000 (Press CTRL+C to quit)
INFO:     ('127.0.0.1', 33384) - "WebSocket /ws" [accepted]
2026-02-17 06:04:15,158 - INFO - WebSocket connected. Total connections: 1
INFO:     connection open
INFO:     127.0.0.1:33390 - "GET /api/market/candles?symbol=NIFTY&interval=1&n_bars=100 HTTP/1.1" 200 OK
INFO:     127.0.0.1:33398 - "GET /api/market/oi-data?symbol=NIFTY HTTP/1.1" 200 OK
2026-02-17 06:04:15,188 - DEBUG - executing <function connect.<locals>.connector at 0x7f25c8ef4860>
2026-02-17 06:04:15,189 - DEBUG - operation <function connect.<locals>.connector at 0x7f25c8ef4860> completed
2026-02-17 06:04:15,189 - DEBUG - executing functools.partial(<built-in method execute of sqlite3.Connection object at 0x7f25c8ecef20>, 'SELECT data FROM accounts LIMIT 1', [])
2026-02-17 06:04:15,189 - DEBUG - operation functools.partial(<built-in method execute of sqlite3.Connection object at 0x7f25c8ecef20>, 'SELECT data FROM accounts LIMIT 1', []) completed
2026-02-17 06:04:15,189 - DEBUG - executing functools.partial(<built-in method fetchone of sqlite3.Cursor object at 0x7f25c8f3c140>)
2026-02-17 06:04:15,189 - DEBUG - operation functools.partial(<built-in method fetchone of sqlite3.Cursor object at 0x7f25c8f3c140>) completed
2026-02-17 06:04:15,189 - DEBUG - executing functools.partial(<built-in method close of sqlite3.Cursor object at 0x7f25c8f3c140>)
2026-02-17 06:04:15,190 - DEBUG - operation functools.partial(<built-in method close of sqlite3.Cursor object at 0x7f25c8f3c140>) completed
2026-02-17 06:04:15,190 - DEBUG - executing functools.partial(<built-in method close of sqlite3.Connection object at 0x7f25c8ecef20>)
2026-02-17 06:04:15,190 - DEBUG - operation functools.partial(<built-in method close of sqlite3.Connection object at 0x7f25c8ecef20>) completed
2026-02-17 06:04:15,190 - DEBUG - executing <function Connection.stop.<locals>.close_and_stop at 0x7f25c8ef4cc0>
INFO:     127.0.0.1:33412 - "GET /api/account HTTP/1.1" 200 OK
2026-02-17 06:04:15,191 - DEBUG - operation <function Connection.stop.<locals>.close_and_stop at 0x7f25c8ef4cc0> completed
INFO:     127.0.0.1:33412 - "GET /api/market/candles?symbol=NIFTY&interval=1&n_bars=100 HTTP/1.1" 200 OK
INFO:     127.0.0.1:33398 - "GET /api/market/oi-data?symbol=NIFTY HTTP/1.1" 200 OK
INFO:     ('127.0.0.1', 33424) - "WebSocket /ws" [accepted]
2026-02-17 06:04:15,221 - INFO - WebSocket connected. Total connections: 2
INFO:     connection open
2026-02-17 06:04:15,223 - DEBUG - executing <function connect.<locals>.connector at 0x7f25c8f349a0>
2026-02-17 06:04:15,223 - DEBUG - operation <function connect.<locals>.connector at 0x7f25c8f349a0> completed
2026-02-17 06:04:15,224 - DEBUG - executing functools.partial(<built-in method execute of sqlite3.Connection object at 0x7f25c8f25c60>, 'SELECT data FROM accounts LIMIT 1', [])
2026-02-17 06:04:15,224 - DEBUG - operation functools.partial(<built-in method execute of sqlite3.Connection object at 0x7f25c8f25c60>, 'SELECT data FROM accounts LIMIT 1', []) completed
2026-02-17 06:04:15,224 - DEBUG - executing functools.partial(<built-in method fetchone of sqlite3.Cursor object at 0x7f25c8f3d040>)
2026-02-17 06:04:15,225 - DEBUG - operation functools.partial(<built-in method fetchone of sqlite3.Cursor object at 0x7f25c8f3d040>) completed
2026-02-17 06:04:15,225 - DEBUG - executing functools.partial(<built-in method close of sqlite3.Cursor object at 0x7f25c8f3d040>)
2026-02-17 06:04:15,225 - DEBUG - operation functools.partial(<built-in method close of sqlite3.Cursor object at 0x7f25c8f3d040>) completed
2026-02-17 06:04:15,225 - DEBUG - executing functools.partial(<built-in method close of sqlite3.Connection object at 0x7f25c8f25c60>)
2026-02-17 06:04:15,226 - DEBUG - operation functools.partial(<built-in method close of sqlite3.Connection object at 0x7f25c8f25c60>) completed
2026-02-17 06:04:15,226 - DEBUG - executing <function Connection.stop.<locals>.close_and_stop at 0x7f25c8f35440>
2026-02-17 06:04:15,226 - DEBUG - operation <function Connection.stop.<locals>.close_and_stop at 0x7f25c8f35440> completed
INFO:     127.0.0.1:33390 - "GET /api/account HTTP/1.1" 200 OK
2026-02-17 06:04:15,350 - INFO - WebSocket disconnected. Total connections: 1
INFO:     connection closed
2026-02-17 06:04:15,351 - INFO - WebSocket disconnected. Total connections: 0
INFO:     connection closed
INFO:     ('127.0.0.1', 46714) - "WebSocket /ws" [accepted]
2026-02-17 06:04:20,350 - INFO - WebSocket connected. Total connections: 1
INFO:     connection open
INFO:     ('127.0.0.1', 46726) - "WebSocket /ws" [accepted]
2026-02-17 06:04:20,364 - INFO - WebSocket connected. Total connections: 2
INFO:     connection open
2026-02-17 06:04:36,045 - INFO - WebSocket disconnected. Total connections: 1
INFO:     connection closed
2026-02-17 06:04:36,046 - INFO - WebSocket disconnected. Total connections: 0
INFO:     connection closed
INFO:     ('127.0.0.1', 33394) - "WebSocket /ws" [accepted]
2026-02-17 06:06:46,135 - INFO - WebSocket connected. Total connections: 1
INFO:     connection open
INFO:     127.0.0.1:33404 - "GET /api/market/candles?symbol=NIFTY&interval=1&n_bars=100 HTTP/1.1" 200 OK
INFO:     127.0.0.1:33408 - "GET /api/market/oi-data?symbol=NIFTY HTTP/1.1" 200 OK
2026-02-17 06:06:46,152 - DEBUG - executing <function connect.<locals>.connector at 0x7f25c8ef6700>
2026-02-17 06:06:46,153 - DEBUG - operation <function connect.<locals>.connector at 0x7f25c8ef6700> completed
2026-02-17 06:06:46,153 - DEBUG - executing functools.partial(<built-in method execute of sqlite3.Connection object at 0x7f25c8ecee30>, 'SELECT data FROM accounts LIMIT 1', [])
2026-02-17 06:06:46,154 - DEBUG - operation functools.partial(<built-in method execute of sqlite3.Connection object at 0x7f25c8ecee30>, 'SELECT data FROM accounts LIMIT 1', []) completed
2026-02-17 06:06:46,155 - DEBUG - executing functools.partial(<built-in method fetchone of sqlite3.Cursor object at 0x7f25c9189640>)
2026-02-17 06:06:46,155 - DEBUG - operation functools.partial(<built-in method fetchone of sqlite3.Cursor object at 0x7f25c9189640>) completed
2026-02-17 06:06:46,155 - DEBUG - executing functools.partial(<built-in method close of sqlite3.Cursor object at 0x7f25c9189640>)
2026-02-17 06:06:46,155 - DEBUG - operation functools.partial(<built-in method close of sqlite3.Cursor object at 0x7f25c9189640>) completed
2026-02-17 06:06:46,156 - DEBUG - executing functools.partial(<built-in method close of sqlite3.Connection object at 0x7f25c8ecee30>)
2026-02-17 06:06:46,156 - DEBUG - operation functools.partial(<built-in method close of sqlite3.Connection object at 0x7f25c8ecee30>) completed
2026-02-17 06:06:46,156 - DEBUG - executing <function Connection.stop.<locals>.close_and_stop at 0x7f25c8ef67a0>
2026-02-17 06:06:46,156 - DEBUG - operation <function Connection.stop.<locals>.close_and_stop at 0x7f25c8ef67a0> completed
INFO:     127.0.0.1:33412 - "GET /api/account HTTP/1.1" 200 OK
INFO:     127.0.0.1:33412 - "GET /api/market/candles?symbol=NIFTY&interval=1&n_bars=100 HTTP/1.1" 200 OK
INFO:     127.0.0.1:33408 - "GET /api/market/oi-data?symbol=NIFTY HTTP/1.1" 200 OK
INFO:     ('127.0.0.1', 33414) - "WebSocket /ws" [accepted]
2026-02-17 06:06:46,200 - INFO - WebSocket connected. Total connections: 2
INFO:     connection open
2026-02-17 06:06:46,201 - DEBUG - executing <function connect.<locals>.connector at 0x7f25c8ef4b80>
2026-02-17 06:06:46,202 - DEBUG - operation <function connect.<locals>.connector at 0x7f25c8ef4b80> completed
2026-02-17 06:06:46,202 - DEBUG - executing functools.partial(<built-in method execute of sqlite3.Connection object at 0x7f25c8f24b80>, 'SELECT data FROM accounts LIMIT 1', [])
2026-02-17 06:06:46,203 - DEBUG - operation functools.partial(<built-in method execute of sqlite3.Connection object at 0x7f25c8f24b80>, 'SELECT data FROM accounts LIMIT 1', []) completed
2026-02-17 06:06:46,203 - DEBUG - executing functools.partial(<built-in method fetchone of sqlite3.Cursor object at 0x7f25c8f3d3c0>)
2026-02-17 06:06:46,203 - DEBUG - operation functools.partial(<built-in method fetchone of sqlite3.Cursor object at 0x7f25c8f3d3c0>) completed
2026-02-17 06:06:46,204 - DEBUG - executing functools.partial(<built-in method close of sqlite3.Cursor object at 0x7f25c8f3d3c0>)
2026-02-17 06:06:46,204 - DEBUG - operation functools.partial(<built-in method close of sqlite3.Cursor object at 0x7f25c8f3d3c0>) completed
2026-02-17 06:06:46,204 - DEBUG - executing functools.partial(<built-in method close of sqlite3.Connection object at 0x7f25c8f24b80>)
2026-02-17 06:06:46,204 - DEBUG - operation functools.partial(<built-in method close of sqlite3.Connection object at 0x7f25c8f24b80>) completed
2026-02-17 06:06:46,204 - DEBUG - executing <function Connection.stop.<locals>.close_and_stop at 0x7f25c8ef6a20>
2026-02-17 06:06:46,205 - DEBUG - operation <function Connection.stop.<locals>.close_and_stop at 0x7f25c8ef6a20> completed
INFO:     127.0.0.1:33404 - "GET /api/account HTTP/1.1" 200 OK
2026-02-17 06:06:46,292 - INFO - WebSocket disconnected. Total connections: 1
INFO:     connection closed
2026-02-17 06:06:46,296 - INFO - WebSocket disconnected. Total connections: 0
INFO:     connection closed
INFO:     ('127.0.0.1', 49430) - "WebSocket /ws" [accepted]
2026-02-17 06:06:51,298 - INFO - WebSocket connected. Total connections: 1
INFO:     connection open
INFO:     ('127.0.0.1', 49436) - "WebSocket /ws" [accepted]
2026-02-17 06:06:51,312 - INFO - WebSocket connected. Total connections: 2
INFO:     connection open
2026-02-17 06:07:06,979 - INFO - WebSocket disconnected. Total connections: 1
INFO:     connection closed
2026-02-17 06:07:06,980 - INFO - WebSocket disconnected. Total connections: 0
INFO:     connection closed
INFO:     ('127.0.0.1', 53774) - "WebSocket /ws" [accepted]
2026-02-17 06:07:35,241 - INFO - WebSocket connected. Total connections: 1
INFO:     connection open
INFO:     127.0.0.1:53784 - "GET /api/market/candles?symbol=NIFTY&interval=1&n_bars=100 HTTP/1.1" 200 OK
INFO:     127.0.0.1:53800 - "GET /api/market/oi-data?symbol=NIFTY HTTP/1.1" 200 OK
2026-02-17 06:07:35,266 - DEBUG - executing <function connect.<locals>.connector at 0x7f25c8ef6c00>
2026-02-17 06:07:35,267 - DEBUG - operation <function connect.<locals>.connector at 0x7f25c8ef6c00> completed
2026-02-17 06:07:35,268 - DEBUG - executing functools.partial(<built-in method execute of sqlite3.Connection object at 0x7f25c8f272e0>, 'SELECT data FROM accounts LIMIT 1', [])
2026-02-17 06:07:35,269 - DEBUG - operation functools.partial(<built-in method execute of sqlite3.Connection object at 0x7f25c8f272e0>, 'SELECT data FROM accounts LIMIT 1', []) completed
INFO:     127.0.0.1:53800 - "GET /api/market/candles?symbol=NIFTY&interval=1&n_bars=100 HTTP/1.1" 200 OK
INFO:     127.0.0.1:53784 - "GET /api/market/oi-data?symbol=NIFTY HTTP/1.1" 200 OK
2026-02-17 06:07:35,275 - DEBUG - executing functools.partial(<built-in method fetchone of sqlite3.Cursor object at 0x7f25c8f3dac0>)
2026-02-17 06:07:35,275 - DEBUG - operation functools.partial(<built-in method fetchone of sqlite3.Cursor object at 0x7f25c8f3dac0>) completed
INFO:     ('127.0.0.1', 53814) - "WebSocket /ws" [accepted]
2026-02-17 06:07:35,276 - DEBUG - executing functools.partial(<built-in method close of sqlite3.Cursor object at 0x7f25c8f3dac0>)
2026-02-17 06:07:35,277 - DEBUG - operation functools.partial(<built-in method close of sqlite3.Cursor object at 0x7f25c8f3dac0>) completed
2026-02-17 06:07:35,277 - INFO - WebSocket connected. Total connections: 2
INFO:     connection open
2026-02-17 06:07:35,277 - DEBUG - executing functools.partial(<built-in method close of sqlite3.Connection object at 0x7f25c8f272e0>)
2026-02-17 06:07:35,277 - DEBUG - operation functools.partial(<built-in method close of sqlite3.Connection object at 0x7f25c8f272e0>) completed
2026-02-17 06:07:35,278 - DEBUG - executing <function Connection.stop.<locals>.close_and_stop at 0x7f25c8ef7240>
2026-02-17 06:07:35,278 - DEBUG - operation <function Connection.stop.<locals>.close_and_stop at 0x7f25c8ef7240> completed
INFO:     127.0.0.1:53804 - "GET /api/account HTTP/1.1" 200 OK
2026-02-17 06:07:35,286 - DEBUG - executing <function connect.<locals>.connector at 0x7f25c8ef6c00>
2026-02-17 06:07:35,286 - DEBUG - operation <function connect.<locals>.connector at 0x7f25c8ef6c00> completed
2026-02-17 06:07:35,286 - DEBUG - executing functools.partial(<built-in method execute of sqlite3.Connection object at 0x7f25c8f272e0>, 'SELECT data FROM accounts LIMIT 1', [])
2026-02-17 06:07:35,287 - DEBUG - operation functools.partial(<built-in method execute of sqlite3.Connection object at 0x7f25c8f272e0>, 'SELECT data FROM accounts LIMIT 1', []) completed
2026-02-17 06:07:35,287 - DEBUG - executing functools.partial(<built-in method fetchone of sqlite3.Cursor object at 0x7f25c8f3e0c0>)
2026-02-17 06:07:35,287 - DEBUG - operation functools.partial(<built-in method fetchone of sqlite3.Cursor object at 0x7f25c8f3e0c0>) completed
2026-02-17 06:07:35,289 - DEBUG - executing functools.partial(<built-in method close of sqlite3.Cursor object at 0x7f25c8f3e0c0>)
2026-02-17 06:07:35,290 - DEBUG - operation functools.partial(<built-in method close of sqlite3.Cursor object at 0x7f25c8f3e0c0>) completed
2026-02-17 06:07:35,290 - DEBUG - executing functools.partial(<built-in method close of sqlite3.Connection object at 0x7f25c8f272e0>)
2026-02-17 06:07:35,290 - DEBUG - operation functools.partial(<built-in method close of sqlite3.Connection object at 0x7f25c8f272e0>) completed
2026-02-17 06:07:35,290 - DEBUG - executing <function Connection.stop.<locals>.close_and_stop at 0x7f25c8ef6840>
2026-02-17 06:07:35,290 - DEBUG - operation <function Connection.stop.<locals>.close_and_stop at 0x7f25c8ef6840> completed
INFO:     127.0.0.1:53784 - "GET /api/account HTTP/1.1" 200 OK
2026-02-17 06:07:35,358 - INFO - WebSocket disconnected. Total connections: 1
2026-02-17 06:07:35,358 - INFO - WebSocket disconnected. Total connections: 0
INFO:     connection closed
INFO:     connection closed
INFO:     ('127.0.0.1', 52046) - "WebSocket /ws" [accepted]
2026-02-17 06:07:40,355 - INFO - WebSocket connected. Total connections: 1
INFO:     connection open
INFO:     ('127.0.0.1', 52060) - "WebSocket /ws" [accepted]
2026-02-17 06:07:40,369 - INFO - WebSocket connected. Total connections: 2
INFO:     connection open
2026-02-17 06:07:40,756 - INFO - WebSocket disconnected. Total connections: 1
2026-02-17 06:07:40,757 - INFO - WebSocket disconnected. Total connections: 0
INFO:     connection closed
INFO:     connection closed
INFO:     ('127.0.0.1', 34608) - "WebSocket /ws" [accepted]
2026-02-17 06:08:35,505 - INFO - WebSocket connected. Total connections: 1
INFO:     connection open
INFO:     127.0.0.1:34614 - "GET /api/market/candles?symbol=NIFTY&interval=1&n_bars=100 HTTP/1.1" 200 OK
INFO:     127.0.0.1:34628 - "GET /api/market/oi-data?symbol=NIFTY HTTP/1.1" 200 OK
2026-02-17 06:08:35,530 - DEBUG - executing <function connect.<locals>.connector at 0x7f25c8ef4ae0>
2026-02-17 06:08:35,531 - DEBUG - operation <function connect.<locals>.connector at 0x7f25c8ef4ae0> completed
2026-02-17 06:08:35,531 - DEBUG - executing functools.partial(<built-in method execute of sqlite3.Connection object at 0x7f25c8f27790>, 'SELECT data FROM accounts LIMIT 1', [])
2026-02-17 06:08:35,532 - DEBUG - operation functools.partial(<built-in method execute of sqlite3.Connection object at 0x7f25c8f27790>, 'SELECT data FROM accounts LIMIT 1', []) completed
2026-02-17 06:08:35,534 - DEBUG - executing functools.partial(<built-in method fetchone of sqlite3.Cursor object at 0x7f25c9189ac0>)
2026-02-17 06:08:35,534 - DEBUG - operation functools.partial(<built-in method fetchone of sqlite3.Cursor object at 0x7f25c9189ac0>) completed
INFO:     127.0.0.1:34628 - "GET /api/market/candles?symbol=NIFTY&interval=1&n_bars=100 HTTP/1.1" 200 OK
INFO:     127.0.0.1:34614 - "GET /api/market/oi-data?symbol=NIFTY HTTP/1.1" 200 OK
INFO:     ('127.0.0.1', 34634) - "WebSocket /ws" [accepted]
2026-02-17 06:08:35,546 - INFO - WebSocket connected. Total connections: 2
INFO:     connection open
2026-02-17 06:08:35,547 - DEBUG - executing functools.partial(<built-in method close of sqlite3.Cursor object at 0x7f25c9189ac0>)
2026-02-17 06:08:35,547 - DEBUG - operation functools.partial(<built-in method close of sqlite3.Cursor object at 0x7f25c9189ac0>) completed
2026-02-17 06:08:35,547 - DEBUG - executing functools.partial(<built-in method close of sqlite3.Connection object at 0x7f25c8f27790>)
2026-02-17 06:08:35,548 - DEBUG - operation functools.partial(<built-in method close of sqlite3.Connection object at 0x7f25c8f27790>) completed
2026-02-17 06:08:35,548 - DEBUG - executing <function Connection.stop.<locals>.close_and_stop at 0x7f25c8f34e00>
2026-02-17 06:08:35,548 - DEBUG - operation <function Connection.stop.<locals>.close_and_stop at 0x7f25c8f34e00> completed
INFO:     127.0.0.1:34632 - "GET /api/account HTTP/1.1" 200 OK
2026-02-17 06:08:35,552 - DEBUG - executing <function connect.<locals>.connector at 0x7f25c8ef4ae0>
2026-02-17 06:08:35,553 - DEBUG - operation <function connect.<locals>.connector at 0x7f25c8ef4ae0> completed
2026-02-17 06:08:35,553 - DEBUG - executing functools.partial(<built-in method execute of sqlite3.Connection object at 0x7f25c8f26020>, 'SELECT data FROM accounts LIMIT 1', [])
2026-02-17 06:08:35,553 - DEBUG - operation functools.partial(<built-in method execute of sqlite3.Connection object at 0x7f25c8f26020>, 'SELECT data FROM accounts LIMIT 1', []) completed
2026-02-17 06:08:35,553 - DEBUG - executing functools.partial(<built-in method fetchone of sqlite3.Cursor object at 0x7f25c8f3d340>)
2026-02-17 06:08:35,553 - DEBUG - operation functools.partial(<built-in method fetchone of sqlite3.Cursor object at 0x7f25c8f3d340>) completed
2026-02-17 06:08:35,554 - DEBUG - executing functools.partial(<built-in method close of sqlite3.Cursor object at 0x7f25c8f3d340>)
2026-02-17 06:08:35,554 - DEBUG - operation functools.partial(<built-in method close of sqlite3.Cursor object at 0x7f25c8f3d340>) completed
2026-02-17 06:08:35,554 - DEBUG - executing functools.partial(<built-in method close of sqlite3.Connection object at 0x7f25c8f26020>)
2026-02-17 06:08:35,554 - DEBUG - operation functools.partial(<built-in method close of sqlite3.Connection object at 0x7f25c8f26020>) completed
2026-02-17 06:08:35,554 - DEBUG - executing <function Connection.stop.<locals>.close_and_stop at 0x7f25c8f34cc0>
2026-02-17 06:08:35,554 - DEBUG - operation <function Connection.stop.<locals>.close_and_stop at 0x7f25c8f34cc0> completed
INFO:     127.0.0.1:34614 - "GET /api/account HTTP/1.1" 200 OK
2026-02-17 06:08:35,602 - INFO - WebSocket disconnected. Total connections: 1
2026-02-17 06:08:35,603 - INFO - WebSocket disconnected. Total connections: 0
INFO:     connection closed
INFO:     connection closed
INFO:     ('127.0.0.1', 49784) - "WebSocket /ws" [accepted]
2026-02-17 06:08:40,606 - INFO - WebSocket connected. Total connections: 1
INFO:     connection open
INFO:     ('127.0.0.1', 49788) - "WebSocket /ws" [accepted]
2026-02-17 06:08:40,620 - INFO - WebSocket connected. Total connections: 2
INFO:     connection open
2026-02-17 06:08:45,942 - INFO - WebSocket disconnected. Total connections: 1
2026-02-17 06:08:45,942 - INFO - WebSocket disconnected. Total connections: 0
INFO:     connection closed
INFO:     connection closed
INFO:     ('127.0.0.1', 39166) - "WebSocket /ws" [accepted]
2026-02-17 06:15:40,206 - INFO - WebSocket connected. Total connections: 1
INFO:     connection open
INFO:     127.0.0.1:39174 - "GET /api/market/candles?symbol=NIFTY&interval=1&n_bars=100 HTTP/1.1" 200 OK
INFO:     127.0.0.1:39184 - "GET /api/market/oi-data?symbol=NIFTY HTTP/1.1" 200 OK
2026-02-17 06:15:40,222 - DEBUG - executing <function connect.<locals>.connector at 0x7f25c8f34cc0>
2026-02-17 06:15:40,223 - DEBUG - operation <function connect.<locals>.connector at 0x7f25c8f34cc0> completed
2026-02-17 06:15:40,223 - DEBUG - executing functools.partial(<built-in method execute of sqlite3.Connection object at 0x7f25c8ece5c0>, 'SELECT data FROM accounts LIMIT 1', [])
2026-02-17 06:15:40,223 - DEBUG - operation functools.partial(<built-in method execute of sqlite3.Connection object at 0x7f25c8ece5c0>, 'SELECT data FROM accounts LIMIT 1', []) completed
2026-02-17 06:15:40,224 - DEBUG - executing functools.partial(<built-in method fetchone of sqlite3.Cursor object at 0x7f25c8f3e840>)
2026-02-17 06:15:40,224 - DEBUG - operation functools.partial(<built-in method fetchone of sqlite3.Cursor object at 0x7f25c8f3e840>) completed
2026-02-17 06:15:40,224 - DEBUG - executing functools.partial(<built-in method close of sqlite3.Cursor object at 0x7f25c8f3e840>)
2026-02-17 06:15:40,224 - DEBUG - operation functools.partial(<built-in method close of sqlite3.Cursor object at 0x7f25c8f3e840>) completed
2026-02-17 06:15:40,224 - DEBUG - executing functools.partial(<built-in method close of sqlite3.Connection object at 0x7f25c8ece5c0>)
2026-02-17 06:15:40,225 - DEBUG - operation functools.partial(<built-in method close of sqlite3.Connection object at 0x7f25c8ece5c0>) completed
2026-02-17 06:15:40,225 - DEBUG - executing <function Connection.stop.<locals>.close_and_stop at 0x7f25c8ef4040>
2026-02-17 06:15:40,225 - DEBUG - operation <function Connection.stop.<locals>.close_and_stop at 0x7f25c8ef4040> completed
INFO:     127.0.0.1:39186 - "GET /api/account HTTP/1.1" 200 OK
INFO:     ('127.0.0.1', 39188) - "WebSocket /ws" [accepted]
2026-02-17 06:15:40,241 - INFO - WebSocket connected. Total connections: 2
INFO:     connection open
INFO:     127.0.0.1:39186 - "GET /api/market/candles?symbol=NIFTY&interval=1&n_bars=100 HTTP/1.1" 200 OK
INFO:     127.0.0.1:39174 - "GET /api/market/oi-data?symbol=NIFTY HTTP/1.1" 200 OK
2026-02-17 06:15:40,256 - DEBUG - executing <function connect.<locals>.connector at 0x7f25c8f34040>
2026-02-17 06:15:40,257 - DEBUG - operation <function connect.<locals>.connector at 0x7f25c8f34040> completed
2026-02-17 06:15:40,257 - DEBUG - executing functools.partial(<built-in method execute of sqlite3.Connection object at 0x7f25c8f271f0>, 'SELECT data FROM accounts LIMIT 1', [])
2026-02-17 06:15:40,257 - DEBUG - operation functools.partial(<built-in method execute of sqlite3.Connection object at 0x7f25c8f271f0>, 'SELECT data FROM accounts LIMIT 1', []) completed
2026-02-17 06:15:40,258 - DEBUG - executing functools.partial(<built-in method fetchone of sqlite3.Cursor object at 0x7f25c918a0c0>)
2026-02-17 06:15:40,258 - DEBUG - operation functools.partial(<built-in method fetchone of sqlite3.Cursor object at 0x7f25c918a0c0>) completed
2026-02-17 06:15:40,258 - DEBUG - executing functools.partial(<built-in method close of sqlite3.Cursor object at 0x7f25c918a0c0>)
2026-02-17 06:15:40,258 - DEBUG - operation functools.partial(<built-in method close of sqlite3.Cursor object at 0x7f25c918a0c0>) completed
2026-02-17 06:15:40,258 - DEBUG - executing functools.partial(<built-in method close of sqlite3.Connection object at 0x7f25c8f271f0>)
2026-02-17 06:15:40,258 - DEBUG - operation functools.partial(<built-in method close of sqlite3.Connection object at 0x7f25c8f271f0>) completed
2026-02-17 06:15:40,259 - DEBUG - executing <function Connection.stop.<locals>.close_and_stop at 0x7f25c8ef67a0>
INFO:     127.0.0.1:39184 - "GET /api/account HTTP/1.1" 200 OK
2026-02-17 06:15:40,259 - DEBUG - operation <function Connection.stop.<locals>.close_and_stop at 0x7f25c8ef67a0> completed
2026-02-17 06:15:40,323 - INFO - WebSocket disconnected. Total connections: 1
INFO:     connection closed
2026-02-17 06:15:40,324 - INFO - WebSocket disconnected. Total connections: 0
INFO:     connection closed
INFO:     ('127.0.0.1', 39198) - "WebSocket /ws" [accepted]
2026-02-17 06:15:45,318 - INFO - WebSocket connected. Total connections: 1
INFO:     connection open
INFO:     ('127.0.0.1', 39202) - "WebSocket /ws" [accepted]
2026-02-17 06:15:45,332 - INFO - WebSocket connected. Total connections: 2
INFO:     connection open
2026-02-17 06:15:50,669 - INFO - WebSocket disconnected. Total connections: 1
2026-02-17 06:15:50,670 - INFO - WebSocket disconnected. Total connections: 0
INFO:     connection closed
INFO:     connection closed
